Analysis & Synthesis report for lab6
Wed Nov 12 19:41:58 2014
Quartus II Version 9.0 Build 132 02/25/2009 SJ Full Version


---------------------
; Table of Contents ;
---------------------
  1. Legal Notice
  2. Analysis & Synthesis Summary
  3. Analysis & Synthesis Settings
  4. Analysis & Synthesis Messages



----------------
; Legal Notice ;
----------------
Copyright (C) 1991-2009 Altera Corporation
Your use of Altera Corporation's design tools, logic functions 
and other software and tools, and its AMPP partner logic 
functions, and any output files from any of the foregoing 
(including device programming or simulation files), and any 
associated documentation or information are expressly subject 
to the terms and conditions of the Altera Program License 
Subscription Agreement, Altera MegaCore Function License 
Agreement, or other applicable license agreement, including, 
without limitation, that your use is for the sole purpose of 
programming logic devices manufactured by Altera and sold by 
Altera or its authorized distributors.  Please refer to the 
applicable agreement for further details.



+-------------------------------------------------------------------------------+
; Analysis & Synthesis Summary                                                  ;
+------------------------------------+------------------------------------------+
; Analysis & Synthesis Status        ; Failed - Wed Nov 12 19:41:58 2014        ;
; Quartus II Version                 ; 9.0 Build 132 02/25/2009 SJ Full Version ;
; Revision Name                      ; lab6                                     ;
; Top-level Entity Name              ; lab6                                     ;
; Family                             ; Cyclone II                               ;
; Total logic elements               ; N/A until Partition Merge                ;
;     Total combinational functions  ; N/A until Partition Merge                ;
;     Dedicated logic registers      ; N/A until Partition Merge                ;
; Total registers                    ; N/A until Partition Merge                ;
; Total pins                         ; N/A until Partition Merge                ;
; Total virtual pins                 ; N/A until Partition Merge                ;
; Total memory bits                  ; N/A until Partition Merge                ;
; Embedded Multiplier 9-bit elements ; N/A until Partition Merge                ;
; Total PLLs                         ; N/A until Partition Merge                ;
+------------------------------------+------------------------------------------+


+----------------------------------------------------------------------------------------------------------+
; Analysis & Synthesis Settings                                                                            ;
+----------------------------------------------------------------+--------------------+--------------------+
; Option                                                         ; Setting            ; Default Value      ;
+----------------------------------------------------------------+--------------------+--------------------+
; Device                                                         ; EP2C35F672C6       ;                    ;
; Top-level entity name                                          ; lab6               ; lab6               ;
; Family name                                                    ; Cyclone II         ; Stratix II         ;
; Use Generated Physical Constraints File                        ; Off                ;                    ;
; Use smart compilation                                          ; Off                ; Off                ;
; Restructure Multiplexers                                       ; Auto               ; Auto               ;
; Create Debugging Nodes for IP Cores                            ; Off                ; Off                ;
; Preserve fewer node names                                      ; On                 ; On                 ;
; Disable OpenCore Plus hardware evaluation                      ; Off                ; Off                ;
; Verilog Version                                                ; Verilog_2001       ; Verilog_2001       ;
; VHDL Version                                                   ; VHDL93             ; VHDL93             ;
; State Machine Processing                                       ; Auto               ; Auto               ;
; Safe State Machine                                             ; Off                ; Off                ;
; Extract Verilog State Machines                                 ; On                 ; On                 ;
; Extract VHDL State Machines                                    ; On                 ; On                 ;
; Ignore Verilog initial constructs                              ; Off                ; Off                ;
; Iteration limit for constant Verilog loops                     ; 5000               ; 5000               ;
; Iteration limit for non-constant Verilog loops                 ; 250                ; 250                ;
; Add Pass-Through Logic to Inferred RAMs                        ; On                 ; On                 ;
; Parallel Synthesis                                             ; Off                ; Off                ;
; DSP Block Balancing                                            ; Auto               ; Auto               ;
; NOT Gate Push-Back                                             ; On                 ; On                 ;
; Power-Up Don't Care                                            ; On                 ; On                 ;
; Remove Redundant Logic Cells                                   ; Off                ; Off                ;
; Remove Duplicate Registers                                     ; On                 ; On                 ;
; Ignore CARRY Buffers                                           ; Off                ; Off                ;
; Ignore CASCADE Buffers                                         ; Off                ; Off                ;
; Ignore GLOBAL Buffers                                          ; Off                ; Off                ;
; Ignore ROW GLOBAL Buffers                                      ; Off                ; Off                ;
; Ignore LCELL Buffers                                           ; Off                ; Off                ;
; Ignore SOFT Buffers                                            ; On                 ; On                 ;
; Limit AHDL Integers to 32 Bits                                 ; Off                ; Off                ;
; Optimization Technique                                         ; Balanced           ; Balanced           ;
; Carry Chain Length                                             ; 70                 ; 70                 ;
; Auto Carry Chains                                              ; On                 ; On                 ;
; Auto Open-Drain Pins                                           ; On                 ; On                 ;
; Perform WYSIWYG Primitive Resynthesis                          ; Off                ; Off                ;
; Auto ROM Replacement                                           ; On                 ; On                 ;
; Auto RAM Replacement                                           ; On                 ; On                 ;
; Auto Shift Register Replacement                                ; Auto               ; Auto               ;
; Auto Clock Enable Replacement                                  ; On                 ; On                 ;
; Strict RAM Replacement                                         ; Off                ; Off                ;
; Allow Synchronous Control Signals                              ; On                 ; On                 ;
; Force Use of Synchronous Clear Signals                         ; Off                ; Off                ;
; Auto RAM to Logic Cell Conversion                              ; Off                ; Off                ;
; Auto Resource Sharing                                          ; Off                ; Off                ;
; Allow Any RAM Size For Recognition                             ; Off                ; Off                ;
; Allow Any ROM Size For Recognition                             ; Off                ; Off                ;
; Allow Any Shift Register Size For Recognition                  ; Off                ; Off                ;
; Use LogicLock Constraints during Resource Balancing            ; On                 ; On                 ;
; Ignore translate_off and synthesis_off directives              ; Off                ; Off                ;
; Timing-Driven Synthesis                                        ; Off                ; Off                ;
; Show Parameter Settings Tables in Synthesis Report             ; On                 ; On                 ;
; Ignore Maximum Fan-Out Assignments                             ; Off                ; Off                ;
; Synchronization Register Chain Length                          ; 2                  ; 2                  ;
; PowerPlay Power Optimization                                   ; Normal compilation ; Normal compilation ;
; HDL message level                                              ; Level2             ; Level2             ;
; Suppress Register Optimization Related Messages                ; Off                ; Off                ;
; Number of Removed Registers Reported in Synthesis Report       ; 100                ; 100                ;
; Number of Inverted Registers Reported in Synthesis Report      ; 100                ; 100                ;
; Clock MUX Protection                                           ; On                 ; On                 ;
; Auto Gated Clock Conversion                                    ; Off                ; Off                ;
; Block Design Naming                                            ; Auto               ; Auto               ;
; SDC constraint protection                                      ; Off                ; Off                ;
; Synthesis Effort                                               ; Auto               ; Auto               ;
; Allows Asynchronous Clear Usage For Shift Register Replacement ; On                 ; On                 ;
; Analysis & Synthesis Message Level                             ; Medium             ; Medium             ;
+----------------------------------------------------------------+--------------------+--------------------+


+-------------------------------+
; Analysis & Synthesis Messages ;
+-------------------------------+
Info: *******************************************************************
Info: Running Quartus II Analysis & Synthesis
    Info: Version 9.0 Build 132 02/25/2009 SJ Full Version
    Info: Processing started: Wed Nov 12 19:41:57 2014
Info: Command: quartus_map --read_settings_files=on --write_settings_files=off lab6 -c lab6
Info: Found 2 design units, including 1 entities, in source file lab6.vhd
    Info: Found design unit 1: lab6-Behavior
    Info: Found entity 1: lab6
Info: Elaborating entity "lab6" for the top level hierarchy
Warning (10631): VHDL Process Statement warning at lab6.vhd(88): inferring latch(es) for signal or variable "count", which holds its previous value in one or more paths through the process
Warning (10631): VHDL Process Statement warning at lab6.vhd(88): inferring latch(es) for signal or variable "y", which holds its previous value in one or more paths through the process
Info (10041): Inferred latch for "y.s7" at lab6.vhd(88)
Info (10041): Inferred latch for "y.s6" at lab6.vhd(88)
Info (10041): Inferred latch for "y.s5" at lab6.vhd(88)
Info (10041): Inferred latch for "y.s4" at lab6.vhd(88)
Info (10041): Inferred latch for "y.s3" at lab6.vhd(88)
Info (10041): Inferred latch for "y.s2" at lab6.vhd(88)
Info (10041): Inferred latch for "y.s1" at lab6.vhd(88)
Info (10041): Inferred latch for "y.s0" at lab6.vhd(88)
Info (10041): Inferred latch for "count[0]" at lab6.vhd(88)
Info (10041): Inferred latch for "count[1]" at lab6.vhd(88)
Info (10041): Inferred latch for "count[2]" at lab6.vhd(88)
Info (10041): Inferred latch for "count[3]" at lab6.vhd(88)
Info (10041): Inferred latch for "count[4]" at lab6.vhd(88)
Info (10041): Inferred latch for "count[5]" at lab6.vhd(88)
Info (10041): Inferred latch for "count[6]" at lab6.vhd(88)
Info (10041): Inferred latch for "count[7]" at lab6.vhd(88)
Info (10041): Inferred latch for "count[8]" at lab6.vhd(88)
Info (10041): Inferred latch for "count[9]" at lab6.vhd(88)
Info (10041): Inferred latch for "count[10]" at lab6.vhd(88)
Info (10041): Inferred latch for "count[11]" at lab6.vhd(88)
Info (10041): Inferred latch for "count[12]" at lab6.vhd(88)
Info (10041): Inferred latch for "count[13]" at lab6.vhd(88)
Error (10028): Can't resolve multiple constant drivers for net "y.s0" at lab6.vhd(88) File: /home/student2/ywadud/coe328/lab6.vhd Line: 88
Error (10029): Constant driver at lab6.vhd(18) File: /home/student2/ywadud/coe328/lab6.vhd Line: 18
Error (10028): Can't resolve multiple constant drivers for net "y.s1" at lab6.vhd(88) File: /home/student2/ywadud/coe328/lab6.vhd Line: 88
Error (10028): Can't resolve multiple constant drivers for net "y.s2" at lab6.vhd(88) File: /home/student2/ywadud/coe328/lab6.vhd Line: 88
Error (10028): Can't resolve multiple constant drivers for net "y.s3" at lab6.vhd(88) File: /home/student2/ywadud/coe328/lab6.vhd Line: 88
Error (10028): Can't resolve multiple constant drivers for net "y.s4" at lab6.vhd(88) File: /home/student2/ywadud/coe328/lab6.vhd Line: 88
Error (10028): Can't resolve multiple constant drivers for net "y.s5" at lab6.vhd(88) File: /home/student2/ywadud/coe328/lab6.vhd Line: 88
Error (10028): Can't resolve multiple constant drivers for net "y.s6" at lab6.vhd(88) File: /home/student2/ywadud/coe328/lab6.vhd Line: 88
Error (10028): Can't resolve multiple constant drivers for net "y.s7" at lab6.vhd(88) File: /home/student2/ywadud/coe328/lab6.vhd Line: 88
Error: Can't elaborate top-level user hierarchy
Error: Quartus II Analysis & Synthesis was unsuccessful. 10 errors, 2 warnings
    Error: Peak virtual memory: 199 megabytes
    Error: Processing ended: Wed Nov 12 19:41:58 2014
    Error: Elapsed time: 00:00:01
    Error: Total CPU time (on all processors): 00:00:01


