Classic Timing Analyzer report for lab6
Wed Nov 12 19:38:48 2014
Quartus II Version 9.0 Build 132 02/25/2009 SJ Full Version


---------------------
; Table of Contents ;
---------------------
  1. Legal Notice
  2. Timing Analyzer Summary
  3. Timing Analyzer Settings
  4. Clock Settings Summary
  5. Parallel Compilation
  6. Clock Setup: 'osc'
  7. Clock Hold: 'osc'
  8. tsu
  9. tco
 10. th
 11. Timing Analyzer Messages



----------------
; Legal Notice ;
----------------
Copyright (C) 1991-2009 Altera Corporation
Your use of Altera Corporation's design tools, logic functions 
and other software and tools, and its AMPP partner logic 
functions, and any output files from any of the foregoing 
(including device programming or simulation files), and any 
associated documentation or information are expressly subject 
to the terms and conditions of the Altera Program License 
Subscription Agreement, Altera MegaCore Function License 
Agreement, or other applicable license agreement, including, 
without limitation, that your use is for the sole purpose of 
programming logic devices manufactured by Altera and sold by 
Altera or its authorized distributors.  Please refer to the 
applicable agreement for further details.



+-----------------------------------------------------------------------------------------------------------------------------------------------------------------------------------------+
; Timing Analyzer Summary                                                                                                                                                                 ;
+------------------------------+------------------------------------------+---------------+----------------------------------+-----------+---------+------------+----------+--------------+
; Type                         ; Slack                                    ; Required Time ; Actual Time                      ; From      ; To      ; From Clock ; To Clock ; Failed Paths ;
+------------------------------+------------------------------------------+---------------+----------------------------------+-----------+---------+------------+----------+--------------+
; Worst-case tsu               ; N/A                                      ; None          ; 1.029 ns                         ; w         ; y.s1    ; --         ; osc      ; 0            ;
; Worst-case tco               ; N/A                                      ; None          ; 12.929 ns                        ; yfsm.s3   ; u[5]    ; osc        ; --       ; 0            ;
; Worst-case th                ; N/A                                      ; None          ; 3.810 ns                         ; x         ; yfsm.s1 ; --         ; osc      ; 0            ;
; Clock Setup: 'osc'           ; N/A                                      ; None          ; 232.29 MHz ( period = 4.305 ns ) ; count[13] ; y.s2    ; osc        ; osc      ; 0            ;
; Clock Hold: 'osc'            ; Not operational: Clock Skew > Data Delay ; None          ; N/A                              ; yfsm.s4   ; yfsm.s4 ; osc        ; osc      ; 2            ;
; Total number of failed paths ;                                          ;               ;                                  ;           ;         ;            ;          ; 2            ;
+------------------------------+------------------------------------------+---------------+----------------------------------+-----------+---------+------------+----------+--------------+


+--------------------------------------------------------------------------------------------------------------------+
; Timing Analyzer Settings                                                                                           ;
+---------------------------------------------------------------------+--------------------+------+----+-------------+
; Option                                                              ; Setting            ; From ; To ; Entity Name ;
+---------------------------------------------------------------------+--------------------+------+----+-------------+
; Device Name                                                         ; EP2C35F672C6       ;      ;    ;             ;
; Timing Models                                                       ; Final              ;      ;    ;             ;
; Default hold multicycle                                             ; Same as Multicycle ;      ;    ;             ;
; Cut paths between unrelated clock domains                           ; On                 ;      ;    ;             ;
; Cut off read during write signal paths                              ; On                 ;      ;    ;             ;
; Cut off feedback from I/O pins                                      ; On                 ;      ;    ;             ;
; Report Combined Fast/Slow Timing                                    ; Off                ;      ;    ;             ;
; Ignore Clock Settings                                               ; Off                ;      ;    ;             ;
; Analyze latches as synchronous elements                             ; On                 ;      ;    ;             ;
; Enable Recovery/Removal analysis                                    ; Off                ;      ;    ;             ;
; Enable Clock Latency                                                ; Off                ;      ;    ;             ;
; Use TimeQuest Timing Analyzer                                       ; Off                ;      ;    ;             ;
; Minimum Core Junction Temperature                                   ; 0                  ;      ;    ;             ;
; Maximum Core Junction Temperature                                   ; 85                 ;      ;    ;             ;
; Number of source nodes to report per destination node               ; 10                 ;      ;    ;             ;
; Number of destination nodes to report                               ; 10                 ;      ;    ;             ;
; Number of paths to report                                           ; 200                ;      ;    ;             ;
; Report Minimum Timing Checks                                        ; Off                ;      ;    ;             ;
; Use Fast Timing Models                                              ; Off                ;      ;    ;             ;
; Report IO Paths Separately                                          ; Off                ;      ;    ;             ;
; Perform Multicorner Analysis                                        ; On                 ;      ;    ;             ;
; Reports the worst-case path for each clock domain and analysis      ; Off                ;      ;    ;             ;
; Removes common clock path pessimism (CCPP) during slack computation ; Off                ;      ;    ;             ;
; Output I/O Timing Endpoint                                          ; Near End           ;      ;    ;             ;
+---------------------------------------------------------------------+--------------------+------+----+-------------+


+------------------------------------------------------------------------------------------------------------------------------------------------------------------------------------+
; Clock Settings Summary                                                                                                                                                             ;
+-----------------+--------------------+----------+------------------+---------------+--------------+----------+-----------------------+---------------------+--------+--------------+
; Clock Node Name ; Clock Setting Name ; Type     ; Fmax Requirement ; Early Latency ; Late Latency ; Based on ; Multiply Base Fmax by ; Divide Base Fmax by ; Offset ; Phase offset ;
+-----------------+--------------------+----------+------------------+---------------+--------------+----------+-----------------------+---------------------+--------+--------------+
; osc             ;                    ; User Pin ; None             ; 0.000 ns      ; 0.000 ns     ; --       ; N/A                   ; N/A                 ; N/A    ;              ;
+-----------------+--------------------+----------+------------------+---------------+--------------+----------+-----------------------+---------------------+--------+--------------+


+------------------------------------------+
; Parallel Compilation                     ;
+----------------------------+-------------+
; Processors                 ; Number      ;
+----------------------------+-------------+
; Number detected on machine ; 4           ;
; Maximum allowed            ; 4           ;
;                            ;             ;
; Average used               ; 1.00        ;
; Maximum used               ; 1           ;
;                            ;             ;
; Usage by Processor         ; % Time Used ;
;     1 processor            ; 100.0%      ;
;     2-4 processors         ;   0.0%      ;
+----------------------------+-------------+


+-----------------------------------------------------------------------------------------------------------------------------------------------------------------------------------------------------------------------------------+
; Clock Setup: 'osc'                                                                                                                                                                                                                ;
+-----------------------------------------+-----------------------------------------------------+-----------+-----------+------------+----------+-----------------------------+---------------------------+-------------------------+
; Slack                                   ; Actual fmax (period)                                ; From      ; To        ; From Clock ; To Clock ; Required Setup Relationship ; Required Longest P2P Time ; Actual Longest P2P Time ;
+-----------------------------------------+-----------------------------------------------------+-----------+-----------+------------+----------+-----------------------------+---------------------------+-------------------------+
; N/A                                     ; 232.29 MHz ( period = 4.305 ns )                    ; count[13] ; y.s0      ; osc        ; osc      ; None                        ; None                      ; 4.141 ns                ;
; N/A                                     ; 232.29 MHz ( period = 4.305 ns )                    ; count[13] ; y.s1      ; osc        ; osc      ; None                        ; None                      ; 4.141 ns                ;
; N/A                                     ; 232.29 MHz ( period = 4.305 ns )                    ; count[13] ; y.s2      ; osc        ; osc      ; None                        ; None                      ; 4.141 ns                ;
; N/A                                     ; 246.00 MHz ( period = 4.065 ns )                    ; count[2]  ; y.s0      ; osc        ; osc      ; None                        ; None                      ; 3.901 ns                ;
; N/A                                     ; 246.00 MHz ( period = 4.065 ns )                    ; count[2]  ; y.s1      ; osc        ; osc      ; None                        ; None                      ; 3.901 ns                ;
; N/A                                     ; 246.00 MHz ( period = 4.065 ns )                    ; count[2]  ; y.s2      ; osc        ; osc      ; None                        ; None                      ; 3.901 ns                ;
; N/A                                     ; 246.55 MHz ( period = 4.056 ns )                    ; count[12] ; y.s0      ; osc        ; osc      ; None                        ; None                      ; 3.892 ns                ;
; N/A                                     ; 246.55 MHz ( period = 4.056 ns )                    ; count[12] ; y.s1      ; osc        ; osc      ; None                        ; None                      ; 3.892 ns                ;
; N/A                                     ; 246.55 MHz ( period = 4.056 ns )                    ; count[12] ; y.s2      ; osc        ; osc      ; None                        ; None                      ; 3.892 ns                ;
; N/A                                     ; 249.00 MHz ( period = 4.016 ns )                    ; count[11] ; y.s0      ; osc        ; osc      ; None                        ; None                      ; 3.852 ns                ;
; N/A                                     ; 249.00 MHz ( period = 4.016 ns )                    ; count[11] ; y.s1      ; osc        ; osc      ; None                        ; None                      ; 3.852 ns                ;
; N/A                                     ; 249.00 MHz ( period = 4.016 ns )                    ; count[11] ; y.s2      ; osc        ; osc      ; None                        ; None                      ; 3.852 ns                ;
; N/A                                     ; 251.19 MHz ( period = 3.981 ns )                    ; count[8]  ; y.s0      ; osc        ; osc      ; None                        ; None                      ; 3.817 ns                ;
; N/A                                     ; 251.19 MHz ( period = 3.981 ns )                    ; count[8]  ; y.s1      ; osc        ; osc      ; None                        ; None                      ; 3.817 ns                ;
; N/A                                     ; 251.19 MHz ( period = 3.981 ns )                    ; count[8]  ; y.s2      ; osc        ; osc      ; None                        ; None                      ; 3.817 ns                ;
; N/A                                     ; 253.74 MHz ( period = 3.941 ns )                    ; count[5]  ; y.s0      ; osc        ; osc      ; None                        ; None                      ; 3.777 ns                ;
; N/A                                     ; 253.74 MHz ( period = 3.941 ns )                    ; count[5]  ; y.s1      ; osc        ; osc      ; None                        ; None                      ; 3.777 ns                ;
; N/A                                     ; 253.74 MHz ( period = 3.941 ns )                    ; count[5]  ; y.s2      ; osc        ; osc      ; None                        ; None                      ; 3.777 ns                ;
; N/A                                     ; 255.75 MHz ( period = 3.910 ns )                    ; count[3]  ; y.s0      ; osc        ; osc      ; None                        ; None                      ; 3.746 ns                ;
; N/A                                     ; 255.75 MHz ( period = 3.910 ns )                    ; count[3]  ; y.s1      ; osc        ; osc      ; None                        ; None                      ; 3.746 ns                ;
; N/A                                     ; 255.75 MHz ( period = 3.910 ns )                    ; count[3]  ; y.s2      ; osc        ; osc      ; None                        ; None                      ; 3.746 ns                ;
; N/A                                     ; 256.08 MHz ( period = 3.905 ns )                    ; count[6]  ; y.s0      ; osc        ; osc      ; None                        ; None                      ; 3.741 ns                ;
; N/A                                     ; 256.08 MHz ( period = 3.905 ns )                    ; count[6]  ; y.s1      ; osc        ; osc      ; None                        ; None                      ; 3.741 ns                ;
; N/A                                     ; 256.08 MHz ( period = 3.905 ns )                    ; count[6]  ; y.s2      ; osc        ; osc      ; None                        ; None                      ; 3.741 ns                ;
; N/A                                     ; 258.40 MHz ( period = 3.870 ns )                    ; count[9]  ; y.s0      ; osc        ; osc      ; None                        ; None                      ; 3.706 ns                ;
; N/A                                     ; 258.40 MHz ( period = 3.870 ns )                    ; count[9]  ; y.s1      ; osc        ; osc      ; None                        ; None                      ; 3.706 ns                ;
; N/A                                     ; 258.40 MHz ( period = 3.870 ns )                    ; count[9]  ; y.s2      ; osc        ; osc      ; None                        ; None                      ; 3.706 ns                ;
; N/A                                     ; 260.15 MHz ( period = 3.844 ns )                    ; count[0]  ; y.s0      ; osc        ; osc      ; None                        ; None                      ; 3.682 ns                ;
; N/A                                     ; 260.15 MHz ( period = 3.844 ns )                    ; count[0]  ; y.s1      ; osc        ; osc      ; None                        ; None                      ; 3.682 ns                ;
; N/A                                     ; 260.15 MHz ( period = 3.844 ns )                    ; count[0]  ; y.s2      ; osc        ; osc      ; None                        ; None                      ; 3.682 ns                ;
; N/A                                     ; 263.37 MHz ( period = 3.797 ns )                    ; count[7]  ; y.s0      ; osc        ; osc      ; None                        ; None                      ; 3.633 ns                ;
; N/A                                     ; 263.37 MHz ( period = 3.797 ns )                    ; count[7]  ; y.s1      ; osc        ; osc      ; None                        ; None                      ; 3.633 ns                ;
; N/A                                     ; 263.37 MHz ( period = 3.797 ns )                    ; count[7]  ; y.s2      ; osc        ; osc      ; None                        ; None                      ; 3.633 ns                ;
; N/A                                     ; 264.13 MHz ( period = 3.786 ns )                    ; count[1]  ; y.s0      ; osc        ; osc      ; None                        ; None                      ; 3.622 ns                ;
; N/A                                     ; 264.13 MHz ( period = 3.786 ns )                    ; count[1]  ; y.s1      ; osc        ; osc      ; None                        ; None                      ; 3.622 ns                ;
; N/A                                     ; 264.13 MHz ( period = 3.786 ns )                    ; count[1]  ; y.s2      ; osc        ; osc      ; None                        ; None                      ; 3.622 ns                ;
; N/A                                     ; 267.67 MHz ( period = 3.736 ns )                    ; count[10] ; y.s0      ; osc        ; osc      ; None                        ; None                      ; 3.572 ns                ;
; N/A                                     ; 267.67 MHz ( period = 3.736 ns )                    ; count[10] ; y.s1      ; osc        ; osc      ; None                        ; None                      ; 3.572 ns                ;
; N/A                                     ; 267.67 MHz ( period = 3.736 ns )                    ; count[10] ; y.s2      ; osc        ; osc      ; None                        ; None                      ; 3.572 ns                ;
; N/A                                     ; 273.22 MHz ( period = 3.660 ns )                    ; count[4]  ; y.s0      ; osc        ; osc      ; None                        ; None                      ; 3.496 ns                ;
; N/A                                     ; 273.22 MHz ( period = 3.660 ns )                    ; count[4]  ; y.s1      ; osc        ; osc      ; None                        ; None                      ; 3.496 ns                ;
; N/A                                     ; 273.22 MHz ( period = 3.660 ns )                    ; count[4]  ; y.s2      ; osc        ; osc      ; None                        ; None                      ; 3.496 ns                ;
; N/A                                     ; 279.25 MHz ( period = 3.581 ns )                    ; count[13] ; y.s7      ; osc        ; osc      ; None                        ; None                      ; 4.146 ns                ;
; N/A                                     ; 279.33 MHz ( period = 3.580 ns )                    ; count[13] ; y.s5      ; osc        ; osc      ; None                        ; None                      ; 4.141 ns                ;
; N/A                                     ; 279.33 MHz ( period = 3.580 ns )                    ; count[13] ; y.s6      ; osc        ; osc      ; None                        ; None                      ; 4.141 ns                ;
; N/A                                     ; 279.33 MHz ( period = 3.580 ns )                    ; count[13] ; y.s4      ; osc        ; osc      ; None                        ; None                      ; 4.141 ns                ;
; N/A                                     ; 299.31 MHz ( period = 3.341 ns )                    ; count[2]  ; y.s7      ; osc        ; osc      ; None                        ; None                      ; 3.906 ns                ;
; N/A                                     ; 299.40 MHz ( period = 3.340 ns )                    ; count[2]  ; y.s5      ; osc        ; osc      ; None                        ; None                      ; 3.901 ns                ;
; N/A                                     ; 299.40 MHz ( period = 3.340 ns )                    ; count[2]  ; y.s6      ; osc        ; osc      ; None                        ; None                      ; 3.901 ns                ;
; N/A                                     ; 299.40 MHz ( period = 3.340 ns )                    ; count[2]  ; y.s4      ; osc        ; osc      ; None                        ; None                      ; 3.901 ns                ;
; N/A                                     ; 300.12 MHz ( period = 3.332 ns )                    ; count[12] ; y.s7      ; osc        ; osc      ; None                        ; None                      ; 3.897 ns                ;
; N/A                                     ; 300.21 MHz ( period = 3.331 ns )                    ; count[12] ; y.s5      ; osc        ; osc      ; None                        ; None                      ; 3.892 ns                ;
; N/A                                     ; 300.21 MHz ( period = 3.331 ns )                    ; count[12] ; y.s6      ; osc        ; osc      ; None                        ; None                      ; 3.892 ns                ;
; N/A                                     ; 300.21 MHz ( period = 3.331 ns )                    ; count[12] ; y.s4      ; osc        ; osc      ; None                        ; None                      ; 3.892 ns                ;
; N/A                                     ; 303.77 MHz ( period = 3.292 ns )                    ; count[11] ; y.s7      ; osc        ; osc      ; None                        ; None                      ; 3.857 ns                ;
; N/A                                     ; 303.86 MHz ( period = 3.291 ns )                    ; count[11] ; y.s5      ; osc        ; osc      ; None                        ; None                      ; 3.852 ns                ;
; N/A                                     ; 303.86 MHz ( period = 3.291 ns )                    ; count[11] ; y.s6      ; osc        ; osc      ; None                        ; None                      ; 3.852 ns                ;
; N/A                                     ; 303.86 MHz ( period = 3.291 ns )                    ; count[11] ; y.s4      ; osc        ; osc      ; None                        ; None                      ; 3.852 ns                ;
; N/A                                     ; 307.03 MHz ( period = 3.257 ns )                    ; count[8]  ; y.s7      ; osc        ; osc      ; None                        ; None                      ; 3.822 ns                ;
; N/A                                     ; 307.13 MHz ( period = 3.256 ns )                    ; count[8]  ; y.s5      ; osc        ; osc      ; None                        ; None                      ; 3.817 ns                ;
; N/A                                     ; 307.13 MHz ( period = 3.256 ns )                    ; count[8]  ; y.s6      ; osc        ; osc      ; None                        ; None                      ; 3.817 ns                ;
; N/A                                     ; 307.13 MHz ( period = 3.256 ns )                    ; count[8]  ; y.s4      ; osc        ; osc      ; None                        ; None                      ; 3.817 ns                ;
; N/A                                     ; 310.85 MHz ( period = 3.217 ns )                    ; count[5]  ; y.s7      ; osc        ; osc      ; None                        ; None                      ; 3.782 ns                ;
; N/A                                     ; 310.95 MHz ( period = 3.216 ns )                    ; count[5]  ; y.s5      ; osc        ; osc      ; None                        ; None                      ; 3.777 ns                ;
; N/A                                     ; 310.95 MHz ( period = 3.216 ns )                    ; count[5]  ; y.s6      ; osc        ; osc      ; None                        ; None                      ; 3.777 ns                ;
; N/A                                     ; 310.95 MHz ( period = 3.216 ns )                    ; count[5]  ; y.s4      ; osc        ; osc      ; None                        ; None                      ; 3.777 ns                ;
; N/A                                     ; 313.87 MHz ( period = 3.186 ns )                    ; count[3]  ; y.s7      ; osc        ; osc      ; None                        ; None                      ; 3.751 ns                ;
; N/A                                     ; 313.97 MHz ( period = 3.185 ns )                    ; count[3]  ; y.s5      ; osc        ; osc      ; None                        ; None                      ; 3.746 ns                ;
; N/A                                     ; 313.97 MHz ( period = 3.185 ns )                    ; count[3]  ; y.s6      ; osc        ; osc      ; None                        ; None                      ; 3.746 ns                ;
; N/A                                     ; 313.97 MHz ( period = 3.185 ns )                    ; count[3]  ; y.s4      ; osc        ; osc      ; None                        ; None                      ; 3.746 ns                ;
; N/A                                     ; 314.37 MHz ( period = 3.181 ns )                    ; count[6]  ; y.s7      ; osc        ; osc      ; None                        ; None                      ; 3.746 ns                ;
; N/A                                     ; 314.47 MHz ( period = 3.180 ns )                    ; count[6]  ; y.s5      ; osc        ; osc      ; None                        ; None                      ; 3.741 ns                ;
; N/A                                     ; 314.47 MHz ( period = 3.180 ns )                    ; count[6]  ; y.s6      ; osc        ; osc      ; None                        ; None                      ; 3.741 ns                ;
; N/A                                     ; 314.47 MHz ( period = 3.180 ns )                    ; count[6]  ; y.s4      ; osc        ; osc      ; None                        ; None                      ; 3.741 ns                ;
; N/A                                     ; 317.86 MHz ( period = 3.146 ns )                    ; count[9]  ; y.s7      ; osc        ; osc      ; None                        ; None                      ; 3.711 ns                ;
; N/A                                     ; 317.97 MHz ( period = 3.145 ns )                    ; count[9]  ; y.s5      ; osc        ; osc      ; None                        ; None                      ; 3.706 ns                ;
; N/A                                     ; 317.97 MHz ( period = 3.145 ns )                    ; count[9]  ; y.s6      ; osc        ; osc      ; None                        ; None                      ; 3.706 ns                ;
; N/A                                     ; 317.97 MHz ( period = 3.145 ns )                    ; count[9]  ; y.s4      ; osc        ; osc      ; None                        ; None                      ; 3.706 ns                ;
; N/A                                     ; 320.51 MHz ( period = 3.120 ns )                    ; count[0]  ; y.s7      ; osc        ; osc      ; None                        ; None                      ; 3.687 ns                ;
; N/A                                     ; 320.62 MHz ( period = 3.119 ns )                    ; count[0]  ; y.s5      ; osc        ; osc      ; None                        ; None                      ; 3.682 ns                ;
; N/A                                     ; 320.62 MHz ( period = 3.119 ns )                    ; count[0]  ; y.s6      ; osc        ; osc      ; None                        ; None                      ; 3.682 ns                ;
; N/A                                     ; 320.62 MHz ( period = 3.119 ns )                    ; count[0]  ; y.s4      ; osc        ; osc      ; None                        ; None                      ; 3.682 ns                ;
; N/A                                     ; 325.41 MHz ( period = 3.073 ns )                    ; count[7]  ; y.s7      ; osc        ; osc      ; None                        ; None                      ; 3.638 ns                ;
; N/A                                     ; 325.52 MHz ( period = 3.072 ns )                    ; count[7]  ; y.s5      ; osc        ; osc      ; None                        ; None                      ; 3.633 ns                ;
; N/A                                     ; 325.52 MHz ( period = 3.072 ns )                    ; count[7]  ; y.s6      ; osc        ; osc      ; None                        ; None                      ; 3.633 ns                ;
; N/A                                     ; 325.52 MHz ( period = 3.072 ns )                    ; count[7]  ; y.s4      ; osc        ; osc      ; None                        ; None                      ; 3.633 ns                ;
; N/A                                     ; 326.58 MHz ( period = 3.062 ns )                    ; count[1]  ; y.s7      ; osc        ; osc      ; None                        ; None                      ; 3.627 ns                ;
; N/A                                     ; 326.69 MHz ( period = 3.061 ns )                    ; count[1]  ; y.s5      ; osc        ; osc      ; None                        ; None                      ; 3.622 ns                ;
; N/A                                     ; 326.69 MHz ( period = 3.061 ns )                    ; count[1]  ; y.s6      ; osc        ; osc      ; None                        ; None                      ; 3.622 ns                ;
; N/A                                     ; 326.69 MHz ( period = 3.061 ns )                    ; count[1]  ; y.s4      ; osc        ; osc      ; None                        ; None                      ; 3.622 ns                ;
; N/A                                     ; 332.01 MHz ( period = 3.012 ns )                    ; count[10] ; y.s7      ; osc        ; osc      ; None                        ; None                      ; 3.577 ns                ;
; N/A                                     ; 332.12 MHz ( period = 3.011 ns )                    ; count[10] ; y.s5      ; osc        ; osc      ; None                        ; None                      ; 3.572 ns                ;
; N/A                                     ; 332.12 MHz ( period = 3.011 ns )                    ; count[10] ; y.s6      ; osc        ; osc      ; None                        ; None                      ; 3.572 ns                ;
; N/A                                     ; 332.12 MHz ( period = 3.011 ns )                    ; count[10] ; y.s4      ; osc        ; osc      ; None                        ; None                      ; 3.572 ns                ;
; N/A                                     ; 340.60 MHz ( period = 2.936 ns )                    ; count[4]  ; y.s7      ; osc        ; osc      ; None                        ; None                      ; 3.501 ns                ;
; N/A                                     ; 340.72 MHz ( period = 2.935 ns )                    ; count[4]  ; y.s5      ; osc        ; osc      ; None                        ; None                      ; 3.496 ns                ;
; N/A                                     ; 340.72 MHz ( period = 2.935 ns )                    ; count[4]  ; y.s6      ; osc        ; osc      ; None                        ; None                      ; 3.496 ns                ;
; N/A                                     ; 340.72 MHz ( period = 2.935 ns )                    ; count[4]  ; y.s4      ; osc        ; osc      ; None                        ; None                      ; 3.496 ns                ;
; N/A                                     ; 399.84 MHz ( period = 2.501 ns )                    ; count[0]  ; count[13] ; osc        ; osc      ; None                        ; None                      ; 2.289 ns                ;
; N/A                                     ; 411.52 MHz ( period = 2.430 ns )                    ; count[0]  ; count[12] ; osc        ; osc      ; None                        ; None                      ; 2.218 ns                ;
; N/A                                     ; Restricted to 420.17 MHz ( period = 2.380 ns )      ; count[0]  ; count[11] ; osc        ; osc      ; None                        ; None                      ; 2.147 ns                ;
; N/A                                     ; Restricted to 420.17 MHz ( period = 2.380 ns )      ; count[3]  ; count[13] ; osc        ; osc      ; None                        ; None                      ; 2.139 ns                ;
; N/A                                     ; Restricted to 420.17 MHz ( period = 2.380 ns )      ; count[0]  ; count[10] ; osc        ; osc      ; None                        ; None                      ; 2.076 ns                ;
; N/A                                     ; Restricted to 420.17 MHz ( period = 2.380 ns )      ; count[1]  ; count[13] ; osc        ; osc      ; None                        ; None                      ; 2.069 ns                ;
; N/A                                     ; Restricted to 420.17 MHz ( period = 2.380 ns )      ; count[3]  ; count[12] ; osc        ; osc      ; None                        ; None                      ; 2.068 ns                ;
; N/A                                     ; Restricted to 420.17 MHz ( period = 2.380 ns )      ; count[2]  ; count[13] ; osc        ; osc      ; None                        ; None                      ; 2.038 ns                ;
; N/A                                     ; Restricted to 420.17 MHz ( period = 2.380 ns )      ; count[4]  ; count[13] ; osc        ; osc      ; None                        ; None                      ; 2.036 ns                ;
; N/A                                     ; Restricted to 420.17 MHz ( period = 2.380 ns )      ; count[0]  ; count[9]  ; osc        ; osc      ; None                        ; None                      ; 2.005 ns                ;
; N/A                                     ; Restricted to 420.17 MHz ( period = 2.380 ns )      ; count[1]  ; count[12] ; osc        ; osc      ; None                        ; None                      ; 1.998 ns                ;
; N/A                                     ; Restricted to 420.17 MHz ( period = 2.380 ns )      ; count[3]  ; count[11] ; osc        ; osc      ; None                        ; None                      ; 1.997 ns                ;
; N/A                                     ; Restricted to 420.17 MHz ( period = 2.380 ns )      ; count[2]  ; count[12] ; osc        ; osc      ; None                        ; None                      ; 1.967 ns                ;
; N/A                                     ; Restricted to 420.17 MHz ( period = 2.380 ns )      ; count[4]  ; count[12] ; osc        ; osc      ; None                        ; None                      ; 1.965 ns                ;
; N/A                                     ; Restricted to 420.17 MHz ( period = 2.380 ns )      ; count[5]  ; count[13] ; osc        ; osc      ; None                        ; None                      ; 1.963 ns                ;
; N/A                                     ; Restricted to 420.17 MHz ( period = 2.380 ns )      ; count[0]  ; count[8]  ; osc        ; osc      ; None                        ; None                      ; 1.934 ns                ;
; N/A                                     ; Restricted to 420.17 MHz ( period = 2.380 ns )      ; count[1]  ; count[11] ; osc        ; osc      ; None                        ; None                      ; 1.927 ns                ;
; N/A                                     ; Restricted to 420.17 MHz ( period = 2.380 ns )      ; count[3]  ; count[10] ; osc        ; osc      ; None                        ; None                      ; 1.926 ns                ;
; N/A                                     ; Restricted to 420.17 MHz ( period = 2.380 ns )      ; count[2]  ; count[11] ; osc        ; osc      ; None                        ; None                      ; 1.896 ns                ;
; N/A                                     ; Restricted to 420.17 MHz ( period = 2.380 ns )      ; count[6]  ; count[13] ; osc        ; osc      ; None                        ; None                      ; 1.896 ns                ;
; N/A                                     ; Restricted to 420.17 MHz ( period = 2.380 ns )      ; count[4]  ; count[11] ; osc        ; osc      ; None                        ; None                      ; 1.894 ns                ;
; N/A                                     ; Restricted to 420.17 MHz ( period = 2.380 ns )      ; count[5]  ; count[12] ; osc        ; osc      ; None                        ; None                      ; 1.892 ns                ;
; N/A                                     ; Restricted to 420.17 MHz ( period = 2.380 ns )      ; count[0]  ; count[7]  ; osc        ; osc      ; None                        ; None                      ; 1.863 ns                ;
; N/A                                     ; Restricted to 420.17 MHz ( period = 2.380 ns )      ; count[1]  ; count[10] ; osc        ; osc      ; None                        ; None                      ; 1.856 ns                ;
; N/A                                     ; Restricted to 420.17 MHz ( period = 2.380 ns )      ; count[3]  ; count[9]  ; osc        ; osc      ; None                        ; None                      ; 1.855 ns                ;
; N/A                                     ; Restricted to 420.17 MHz ( period = 2.380 ns )      ; count[2]  ; count[10] ; osc        ; osc      ; None                        ; None                      ; 1.825 ns                ;
; N/A                                     ; Restricted to 420.17 MHz ( period = 2.380 ns )      ; count[6]  ; count[12] ; osc        ; osc      ; None                        ; None                      ; 1.825 ns                ;
; N/A                                     ; Restricted to 420.17 MHz ( period = 2.380 ns )      ; count[4]  ; count[10] ; osc        ; osc      ; None                        ; None                      ; 1.823 ns                ;
; N/A                                     ; Restricted to 420.17 MHz ( period = 2.380 ns )      ; count[5]  ; count[11] ; osc        ; osc      ; None                        ; None                      ; 1.821 ns                ;
; N/A                                     ; Restricted to 420.17 MHz ( period = 2.380 ns )      ; y.s5      ; y.s0      ; osc        ; osc      ; None                        ; None                      ; 1.070 ns                ;
; N/A                                     ; Restricted to 420.17 MHz ( period = 2.380 ns )      ; count[1]  ; count[9]  ; osc        ; osc      ; None                        ; None                      ; 1.785 ns                ;
; N/A                                     ; Restricted to 420.17 MHz ( period = 2.380 ns )      ; count[3]  ; count[8]  ; osc        ; osc      ; None                        ; None                      ; 1.784 ns                ;
; N/A                                     ; Restricted to 420.17 MHz ( period = 2.380 ns )      ; count[2]  ; count[9]  ; osc        ; osc      ; None                        ; None                      ; 1.754 ns                ;
; N/A                                     ; Restricted to 420.17 MHz ( period = 2.380 ns )      ; count[6]  ; count[11] ; osc        ; osc      ; None                        ; None                      ; 1.754 ns                ;
; N/A                                     ; Restricted to 420.17 MHz ( period = 2.380 ns )      ; count[4]  ; count[9]  ; osc        ; osc      ; None                        ; None                      ; 1.752 ns                ;
; N/A                                     ; Restricted to 420.17 MHz ( period = 2.380 ns )      ; yfsm.s7   ; yfsm.s7   ; osc        ; osc      ; None                        ; None                      ; 1.312 ns                ;
; N/A                                     ; Restricted to 420.17 MHz ( period = 2.380 ns )      ; count[5]  ; count[10] ; osc        ; osc      ; None                        ; None                      ; 1.750 ns                ;
; N/A                                     ; Restricted to 420.17 MHz ( period = 2.380 ns )      ; count[7]  ; count[13] ; osc        ; osc      ; None                        ; None                      ; 1.733 ns                ;
; N/A                                     ; Restricted to 420.17 MHz ( period = 2.380 ns )      ; count[1]  ; count[8]  ; osc        ; osc      ; None                        ; None                      ; 1.714 ns                ;
; N/A                                     ; Restricted to 420.17 MHz ( period = 2.380 ns )      ; count[3]  ; count[7]  ; osc        ; osc      ; None                        ; None                      ; 1.713 ns                ;
; N/A                                     ; Restricted to 420.17 MHz ( period = 2.380 ns )      ; count[0]  ; count[6]  ; osc        ; osc      ; None                        ; None                      ; 1.704 ns                ;
; N/A                                     ; Restricted to 420.17 MHz ( period = 2.380 ns )      ; yfsm.s2   ; yfsm.s7   ; osc        ; osc      ; None                        ; None                      ; 1.251 ns                ;
; N/A                                     ; Restricted to 420.17 MHz ( period = 2.380 ns )      ; count[2]  ; count[8]  ; osc        ; osc      ; None                        ; None                      ; 1.683 ns                ;
; N/A                                     ; Restricted to 420.17 MHz ( period = 2.380 ns )      ; count[6]  ; count[10] ; osc        ; osc      ; None                        ; None                      ; 1.683 ns                ;
; N/A                                     ; Restricted to 420.17 MHz ( period = 2.380 ns )      ; count[4]  ; count[8]  ; osc        ; osc      ; None                        ; None                      ; 1.681 ns                ;
; N/A                                     ; Restricted to 420.17 MHz ( period = 2.380 ns )      ; count[5]  ; count[9]  ; osc        ; osc      ; None                        ; None                      ; 1.679 ns                ;
; N/A                                     ; Restricted to 420.17 MHz ( period = 2.380 ns )      ; count[7]  ; count[12] ; osc        ; osc      ; None                        ; None                      ; 1.662 ns                ;
; N/A                                     ; Restricted to 420.17 MHz ( period = 2.380 ns )      ; count[1]  ; count[7]  ; osc        ; osc      ; None                        ; None                      ; 1.643 ns                ;
; N/A                                     ; Restricted to 420.17 MHz ( period = 2.380 ns )      ; count[0]  ; count[5]  ; osc        ; osc      ; None                        ; None                      ; 1.633 ns                ;
; N/A                                     ; Restricted to 420.17 MHz ( period = 2.380 ns )      ; count[2]  ; count[7]  ; osc        ; osc      ; None                        ; None                      ; 1.612 ns                ;
; N/A                                     ; Restricted to 420.17 MHz ( period = 2.380 ns )      ; count[6]  ; count[9]  ; osc        ; osc      ; None                        ; None                      ; 1.612 ns                ;
; N/A                                     ; Restricted to 420.17 MHz ( period = 2.380 ns )      ; count[4]  ; count[7]  ; osc        ; osc      ; None                        ; None                      ; 1.610 ns                ;
; N/A                                     ; Restricted to 420.17 MHz ( period = 2.380 ns )      ; count[5]  ; count[8]  ; osc        ; osc      ; None                        ; None                      ; 1.608 ns                ;
; N/A                                     ; Restricted to 420.17 MHz ( period = 2.380 ns )      ; count[7]  ; count[11] ; osc        ; osc      ; None                        ; None                      ; 1.591 ns                ;
; N/A                                     ; Restricted to 420.17 MHz ( period = 2.380 ns )      ; count[9]  ; count[13] ; osc        ; osc      ; None                        ; None                      ; 1.590 ns                ;
; N/A                                     ; Restricted to 420.17 MHz ( period = 2.380 ns )      ; count[0]  ; count[4]  ; osc        ; osc      ; None                        ; None                      ; 1.562 ns                ;
; N/A                                     ; Restricted to 420.17 MHz ( period = 2.380 ns )      ; count[3]  ; count[6]  ; osc        ; osc      ; None                        ; None                      ; 1.554 ns                ;
; N/A                                     ; Restricted to 420.17 MHz ( period = 2.380 ns )      ; count[10] ; count[13] ; osc        ; osc      ; None                        ; None                      ; 1.552 ns                ;
; N/A                                     ; Restricted to 420.17 MHz ( period = 2.380 ns )      ; y.s4      ; y.s0      ; osc        ; osc      ; None                        ; None                      ; 0.822 ns                ;
; N/A                                     ; Restricted to 420.17 MHz ( period = 2.380 ns )      ; count[6]  ; count[8]  ; osc        ; osc      ; None                        ; None                      ; 1.541 ns                ;
; N/A                                     ; Restricted to 420.17 MHz ( period = 2.380 ns )      ; count[5]  ; count[7]  ; osc        ; osc      ; None                        ; None                      ; 1.537 ns                ;
; N/A                                     ; Restricted to 420.17 MHz ( period = 2.380 ns )      ; count[7]  ; count[10] ; osc        ; osc      ; None                        ; None                      ; 1.520 ns                ;
; N/A                                     ; Restricted to 420.17 MHz ( period = 2.380 ns )      ; count[9]  ; count[12] ; osc        ; osc      ; None                        ; None                      ; 1.519 ns                ;
; N/A                                     ; Restricted to 420.17 MHz ( period = 2.380 ns )      ; yfsm.s3   ; yfsm.s7   ; osc        ; osc      ; None                        ; None                      ; 1.065 ns                ;
; N/A                                     ; Restricted to 420.17 MHz ( period = 2.380 ns )      ; count[0]  ; count[3]  ; osc        ; osc      ; None                        ; None                      ; 1.491 ns                ;
; N/A                                     ; Restricted to 420.17 MHz ( period = 2.380 ns )      ; count[1]  ; count[6]  ; osc        ; osc      ; None                        ; None                      ; 1.484 ns                ;
; N/A                                     ; Restricted to 420.17 MHz ( period = 2.380 ns )      ; count[8]  ; count[13] ; osc        ; osc      ; None                        ; None                      ; 1.484 ns                ;
; N/A                                     ; Restricted to 420.17 MHz ( period = 2.380 ns )      ; count[3]  ; count[5]  ; osc        ; osc      ; None                        ; None                      ; 1.483 ns                ;
; N/A                                     ; Restricted to 420.17 MHz ( period = 2.380 ns )      ; count[10] ; count[12] ; osc        ; osc      ; None                        ; None                      ; 1.481 ns                ;
; N/A                                     ; Restricted to 420.17 MHz ( period = 2.380 ns )      ; count[6]  ; count[7]  ; osc        ; osc      ; None                        ; None                      ; 1.470 ns                ;
; N/A                                     ; Restricted to 420.17 MHz ( period = 2.380 ns )      ; count[11] ; count[13] ; osc        ; osc      ; None                        ; None                      ; 1.454 ns                ;
; N/A                                     ; Restricted to 420.17 MHz ( period = 2.380 ns )      ; count[2]  ; count[6]  ; osc        ; osc      ; None                        ; None                      ; 1.453 ns                ;
; N/A                                     ; Restricted to 420.17 MHz ( period = 2.380 ns )      ; count[4]  ; count[6]  ; osc        ; osc      ; None                        ; None                      ; 1.451 ns                ;
; N/A                                     ; Restricted to 420.17 MHz ( period = 2.380 ns )      ; count[7]  ; count[9]  ; osc        ; osc      ; None                        ; None                      ; 1.449 ns                ;
; N/A                                     ; Restricted to 420.17 MHz ( period = 2.380 ns )      ; count[9]  ; count[11] ; osc        ; osc      ; None                        ; None                      ; 1.448 ns                ;
; N/A                                     ; Restricted to 420.17 MHz ( period = 2.380 ns )      ; yfsm.s6   ; yfsm.s7   ; osc        ; osc      ; None                        ; None                      ; 1.003 ns                ;
; N/A                                     ; Restricted to 420.17 MHz ( period = 2.380 ns )      ; count[0]  ; count[2]  ; osc        ; osc      ; None                        ; None                      ; 1.420 ns                ;
; N/A                                     ; Restricted to 420.17 MHz ( period = 2.380 ns )      ; count[1]  ; count[5]  ; osc        ; osc      ; None                        ; None                      ; 1.413 ns                ;
; N/A                                     ; Restricted to 420.17 MHz ( period = 2.380 ns )      ; count[8]  ; count[12] ; osc        ; osc      ; None                        ; None                      ; 1.413 ns                ;
; N/A                                     ; Restricted to 420.17 MHz ( period = 2.380 ns )      ; count[3]  ; count[4]  ; osc        ; osc      ; None                        ; None                      ; 1.412 ns                ;
; N/A                                     ; Restricted to 420.17 MHz ( period = 2.380 ns )      ; count[10] ; count[11] ; osc        ; osc      ; None                        ; None                      ; 1.410 ns                ;
; N/A                                     ; Restricted to 420.17 MHz ( period = 2.380 ns )      ; count[11] ; count[12] ; osc        ; osc      ; None                        ; None                      ; 1.383 ns                ;
; N/A                                     ; Restricted to 420.17 MHz ( period = 2.380 ns )      ; count[2]  ; count[5]  ; osc        ; osc      ; None                        ; None                      ; 1.382 ns                ;
; N/A                                     ; Restricted to 420.17 MHz ( period = 2.380 ns )      ; count[4]  ; count[5]  ; osc        ; osc      ; None                        ; None                      ; 1.380 ns                ;
; N/A                                     ; Restricted to 420.17 MHz ( period = 2.380 ns )      ; y.s6      ; y.s0      ; osc        ; osc      ; None                        ; None                      ; 0.655 ns                ;
; N/A                                     ; Restricted to 420.17 MHz ( period = 2.380 ns )      ; count[5]  ; count[6]  ; osc        ; osc      ; None                        ; None                      ; 1.378 ns                ;
; N/A                                     ; Restricted to 420.17 MHz ( period = 2.380 ns )      ; count[7]  ; count[8]  ; osc        ; osc      ; None                        ; None                      ; 1.378 ns                ;
; N/A                                     ; Restricted to 420.17 MHz ( period = 2.380 ns )      ; count[9]  ; count[10] ; osc        ; osc      ; None                        ; None                      ; 1.377 ns                ;
; N/A                                     ; Restricted to 420.17 MHz ( period = 2.380 ns )      ; count[1]  ; count[4]  ; osc        ; osc      ; None                        ; None                      ; 1.342 ns                ;
; N/A                                     ; Restricted to 420.17 MHz ( period = 2.380 ns )      ; count[8]  ; count[11] ; osc        ; osc      ; None                        ; None                      ; 1.342 ns                ;
; N/A                                     ; Restricted to 420.17 MHz ( period = 2.380 ns )      ; yfsm.s6   ; yfsm.s3   ; osc        ; osc      ; None                        ; None                      ; 0.884 ns                ;
; N/A                                     ; Restricted to 420.17 MHz ( period = 2.380 ns )      ; count[2]  ; count[4]  ; osc        ; osc      ; None                        ; None                      ; 1.311 ns                ;
; N/A                                     ; Restricted to 420.17 MHz ( period = 2.380 ns )      ; yfsm.s5   ; yfsm.s4   ; osc        ; osc      ; None                        ; None                      ; 0.858 ns                ;
; N/A                                     ; Restricted to 420.17 MHz ( period = 2.380 ns )      ; count[1]  ; count[3]  ; osc        ; osc      ; None                        ; None                      ; 1.271 ns                ;
; N/A                                     ; Restricted to 420.17 MHz ( period = 2.380 ns )      ; count[8]  ; count[10] ; osc        ; osc      ; None                        ; None                      ; 1.271 ns                ;
; N/A                                     ; Restricted to 420.17 MHz ( period = 2.380 ns )      ; count[2]  ; count[3]  ; osc        ; osc      ; None                        ; None                      ; 1.240 ns                ;
; N/A                                     ; Restricted to 420.17 MHz ( period = 2.380 ns )      ; count[12] ; count[13] ; osc        ; osc      ; None                        ; None                      ; 1.201 ns                ;
; N/A                                     ; Restricted to 420.17 MHz ( period = 2.380 ns )      ; count[1]  ; count[2]  ; osc        ; osc      ; None                        ; None                      ; 1.200 ns                ;
; N/A                                     ; Restricted to 420.17 MHz ( period = 2.380 ns )      ; count[8]  ; count[9]  ; osc        ; osc      ; None                        ; None                      ; 1.200 ns                ;
; N/A                                     ; Restricted to 420.17 MHz ( period = 2.380 ns )      ; yfsm.s3   ; yfsm.s0   ; osc        ; osc      ; None                        ; None                      ; 0.740 ns                ;
; N/A                                     ; Restricted to 420.17 MHz ( period = 2.380 ns )      ; yfsm.s5   ; yfsm.s3   ; osc        ; osc      ; None                        ; None                      ; 0.687 ns                ;
; N/A                                     ; Restricted to 420.17 MHz ( period = 2.380 ns )      ; yfsm.s4   ; yfsm.s7   ; osc        ; osc      ; None                        ; None                      ; 0.678 ns                ;
; Timing analysis restricted to 200 rows. ; To change the limit use Settings (Assignments menu) ;           ;           ;            ;          ;                             ;                           ;                         ;
+-----------------------------------------+-----------------------------------------------------+-----------+-----------+------------+----------+-----------------------------+---------------------------+-------------------------+


+---------------------------------------------------------------------------------------------------------------------------------------------------------------------------+
; Clock Hold: 'osc'                                                                                                                                                         ;
+------------------------------------------+---------+---------+------------+----------+----------------------------+----------------------------+--------------------------+
; Minimum Slack                            ; From    ; To      ; From Clock ; To Clock ; Required Hold Relationship ; Required Shortest P2P Time ; Actual Shortest P2P Time ;
+------------------------------------------+---------+---------+------------+----------+----------------------------+----------------------------+--------------------------+
; Not operational: Clock Skew > Data Delay ; yfsm.s4 ; yfsm.s4 ; osc        ; osc      ; None                       ; None                       ; 0.407 ns                 ;
; Not operational: Clock Skew > Data Delay ; yfsm.s2 ; yfsm.s2 ; osc        ; osc      ; None                       ; None                       ; 0.407 ns                 ;
+------------------------------------------+---------+---------+------------+----------+----------------------------+----------------------------+--------------------------+


+---------------------------------------------------------------+
; tsu                                                           ;
+-------+--------------+------------+------+---------+----------+
; Slack ; Required tsu ; Actual tsu ; From ; To      ; To Clock ;
+-------+--------------+------------+------+---------+----------+
; N/A   ; None         ; 1.029 ns   ; w    ; y.s1    ; osc      ;
; N/A   ; None         ; 1.028 ns   ; w    ; y.s2    ; osc      ;
; N/A   ; None         ; 1.027 ns   ; w    ; y.s0    ; osc      ;
; N/A   ; None         ; 0.433 ns   ; w    ; y.s7    ; osc      ;
; N/A   ; None         ; 0.304 ns   ; w    ; y.s5    ; osc      ;
; N/A   ; None         ; 0.303 ns   ; w    ; y.s6    ; osc      ;
; N/A   ; None         ; 0.302 ns   ; w    ; y.s4    ; osc      ;
; N/A   ; None         ; -3.086 ns  ; x    ; yfsm.s6 ; osc      ;
; N/A   ; None         ; -3.086 ns  ; x    ; yfsm.s3 ; osc      ;
; N/A   ; None         ; -3.088 ns  ; x    ; yfsm.s0 ; osc      ;
; N/A   ; None         ; -3.092 ns  ; x    ; yfsm.s4 ; osc      ;
; N/A   ; None         ; -3.114 ns  ; x    ; yfsm.s7 ; osc      ;
; N/A   ; None         ; -3.117 ns  ; x    ; yfsm.s2 ; osc      ;
; N/A   ; None         ; -3.131 ns  ; x    ; yfsm.s5 ; osc      ;
; N/A   ; None         ; -3.140 ns  ; x    ; yfsm.s1 ; osc      ;
+-------+--------------+------------+------+---------+----------+


+-----------------------------------------------------------------+
; tco                                                             ;
+-------+--------------+------------+---------+------+------------+
; Slack ; Required tco ; Actual tco ; From    ; To   ; From Clock ;
+-------+--------------+------------+---------+------+------------+
; N/A   ; None         ; 12.929 ns  ; yfsm.s3 ; u[5] ; osc        ;
; N/A   ; None         ; 12.862 ns  ; yfsm.s1 ; u[0] ; osc        ;
; N/A   ; None         ; 12.820 ns  ; yfsm.s2 ; u[4] ; osc        ;
; N/A   ; None         ; 12.791 ns  ; yfsm.s2 ; u[5] ; osc        ;
; N/A   ; None         ; 12.639 ns  ; yfsm.s6 ; u[0] ; osc        ;
; N/A   ; None         ; 12.622 ns  ; yfsm.s6 ; u[1] ; osc        ;
; N/A   ; None         ; 12.576 ns  ; yfsm.s1 ; u[5] ; osc        ;
; N/A   ; None         ; 12.530 ns  ; yfsm.s4 ; u[0] ; osc        ;
; N/A   ; None         ; 12.519 ns  ; yfsm.s4 ; u[3] ; osc        ;
; N/A   ; None         ; 12.508 ns  ; yfsm.s5 ; u[1] ; osc        ;
; N/A   ; None         ; 12.392 ns  ; yfsm.s7 ; u[6] ; osc        ;
; N/A   ; None         ; 12.392 ns  ; yfsm.s6 ; u[4] ; osc        ;
; N/A   ; None         ; 12.369 ns  ; yfsm.s1 ; u[3] ; osc        ;
; N/A   ; None         ; 12.368 ns  ; yfsm.s1 ; u[6] ; osc        ;
; N/A   ; None         ; 12.120 ns  ; yfsm.s0 ; u[4] ; osc        ;
; N/A   ; None         ; 12.094 ns  ; yfsm.s7 ; u[3] ; osc        ;
; N/A   ; None         ; 12.085 ns  ; yfsm.s0 ; u[6] ; osc        ;
; N/A   ; None         ; 11.948 ns  ; yfsm.s2 ; u[2] ; osc        ;
; N/A   ; None         ; 9.442 ns   ; y.s7    ; test ; osc        ;
; N/A   ; None         ; 9.282 ns   ; y.s5    ; test ; osc        ;
; N/A   ; None         ; 9.110 ns   ; y.s6    ; test ; osc        ;
; N/A   ; None         ; 9.002 ns   ; y.s4    ; test ; osc        ;
+-------+--------------+------------+---------+------+------------+


+---------------------------------------------------------------------+
; th                                                                  ;
+---------------+-------------+-----------+------+---------+----------+
; Minimum Slack ; Required th ; Actual th ; From ; To      ; To Clock ;
+---------------+-------------+-----------+------+---------+----------+
; N/A           ; None        ; 3.810 ns  ; x    ; yfsm.s1 ; osc      ;
; N/A           ; None        ; 3.801 ns  ; x    ; yfsm.s5 ; osc      ;
; N/A           ; None        ; 3.787 ns  ; x    ; yfsm.s2 ; osc      ;
; N/A           ; None        ; 3.784 ns  ; x    ; yfsm.s7 ; osc      ;
; N/A           ; None        ; 3.762 ns  ; x    ; yfsm.s4 ; osc      ;
; N/A           ; None        ; 3.758 ns  ; x    ; yfsm.s0 ; osc      ;
; N/A           ; None        ; 3.756 ns  ; x    ; yfsm.s6 ; osc      ;
; N/A           ; None        ; 3.756 ns  ; x    ; yfsm.s3 ; osc      ;
; N/A           ; None        ; -0.072 ns ; w    ; y.s4    ; osc      ;
; N/A           ; None        ; -0.073 ns ; w    ; y.s6    ; osc      ;
; N/A           ; None        ; -0.074 ns ; w    ; y.s5    ; osc      ;
; N/A           ; None        ; -0.203 ns ; w    ; y.s7    ; osc      ;
; N/A           ; None        ; -0.797 ns ; w    ; y.s0    ; osc      ;
; N/A           ; None        ; -0.798 ns ; w    ; y.s2    ; osc      ;
; N/A           ; None        ; -0.799 ns ; w    ; y.s1    ; osc      ;
+---------------+-------------+-----------+------+---------+----------+


+--------------------------+
; Timing Analyzer Messages ;
+--------------------------+
Info: *******************************************************************
Info: Running Quartus II Classic Timing Analyzer
    Info: Version 9.0 Build 132 02/25/2009 SJ Full Version
    Info: Processing started: Wed Nov 12 19:38:47 2014
Info: Command: quartus_tan --read_settings_files=off --write_settings_files=off lab6 -c lab6 --timing_analysis_only
Info: Parallel compilation is enabled and will use 4 of the 4 processors detected
Warning: Found pins functioning as undefined clocks and/or memory enables
    Info: Assuming node "osc" is an undefined clock
Warning: Found 5 node(s) in clock paths which may be acting as ripple and/or gated clocks -- node(s) analyzed as buffer(s) resulting in clock skew
    Info: Detected ripple clock "y.s4" as buffer
    Info: Detected ripple clock "y.s6" as buffer
    Info: Detected ripple clock "y.s5" as buffer
    Info: Detected ripple clock "y.s7" as buffer
    Info: Detected gated clock "WideNor0" as buffer
Info: Clock "osc" has Internal fmax of 232.29 MHz between source register "count[13]" and destination register "y.s0" (period= 4.305 ns)
    Info: + Longest register to register delay is 4.141 ns
        Info: 1: + IC(0.000 ns) + CELL(0.000 ns) = 0.000 ns; Loc. = LCFF_X3_Y10_N29; Fanout = 2; REG Node = 'count[13]'
        Info: 2: + IC(0.492 ns) + CELL(0.393 ns) = 0.885 ns; Loc. = LCCOMB_X4_Y10_N16; Fanout = 1; COMB Node = 'Equal0~3'
        Info: 3: + IC(0.452 ns) + CELL(0.410 ns) = 1.747 ns; Loc. = LCCOMB_X3_Y10_N30; Fanout = 7; COMB Node = 'Equal0~4'
        Info: 4: + IC(1.734 ns) + CELL(0.660 ns) = 4.141 ns; Loc. = LCFF_X32_Y6_N29; Fanout = 2; REG Node = 'y.s0'
        Info: Total cell delay = 1.463 ns ( 35.33 % )
        Info: Total interconnect delay = 2.678 ns ( 64.67 % )
    Info: - Smallest clock skew is 0.050 ns
        Info: + Shortest clock path from clock "osc" to destination register is 2.659 ns
            Info: 1: + IC(0.000 ns) + CELL(0.979 ns) = 0.979 ns; Loc. = PIN_D13; Fanout = 5; CLK Node = 'osc'
            Info: 2: + IC(0.113 ns) + CELL(0.000 ns) = 1.092 ns; Loc. = CLKCTRL_G11; Fanout = 17; COMB Node = 'osc~clkctrl'
            Info: 3: + IC(1.030 ns) + CELL(0.537 ns) = 2.659 ns; Loc. = LCFF_X32_Y6_N29; Fanout = 2; REG Node = 'y.s0'
            Info: Total cell delay = 1.516 ns ( 57.01 % )
            Info: Total interconnect delay = 1.143 ns ( 42.99 % )
        Info: - Longest clock path from clock "osc" to source register is 2.609 ns
            Info: 1: + IC(0.000 ns) + CELL(0.979 ns) = 0.979 ns; Loc. = PIN_D13; Fanout = 5; CLK Node = 'osc'
            Info: 2: + IC(0.113 ns) + CELL(0.000 ns) = 1.092 ns; Loc. = CLKCTRL_G11; Fanout = 17; COMB Node = 'osc~clkctrl'
            Info: 3: + IC(0.980 ns) + CELL(0.537 ns) = 2.609 ns; Loc. = LCFF_X3_Y10_N29; Fanout = 2; REG Node = 'count[13]'
            Info: Total cell delay = 1.516 ns ( 58.11 % )
            Info: Total interconnect delay = 1.093 ns ( 41.89 % )
    Info: + Micro clock to output delay of source is 0.250 ns
    Info: + Micro setup delay of destination is -0.036 ns
Warning: Circuit may not operate. Detected 2 non-operational path(s) clocked by clock "osc" with clock skew larger than data delay. See Compilation Report for details.
Info: Found hold time violation between source  pin or register "yfsm.s4" and destination pin or register "yfsm.s4" for clock "osc" (Hold time is 49 ps)
    Info: + Largest clock skew is 0.440 ns
        Info: + Longest clock path from clock "osc" to destination register is 7.418 ns
            Info: 1: + IC(0.000 ns) + CELL(0.979 ns) = 0.979 ns; Loc. = PIN_D13; Fanout = 5; CLK Node = 'osc'
            Info: 2: + IC(1.872 ns) + CELL(0.787 ns) = 3.638 ns; Loc. = LCFF_X31_Y6_N15; Fanout = 1; REG Node = 'y.s7'
            Info: 3: + IC(0.459 ns) + CELL(0.438 ns) = 4.535 ns; Loc. = LCCOMB_X32_Y6_N20; Fanout = 2; COMB Node = 'WideNor0'
            Info: 4: + IC(1.321 ns) + CELL(0.000 ns) = 5.856 ns; Loc. = CLKCTRL_G12; Fanout = 8; COMB Node = 'WideNor0~clkctrl'
            Info: 5: + IC(1.025 ns) + CELL(0.537 ns) = 7.418 ns; Loc. = LCFF_X31_Y6_N25; Fanout = 4; REG Node = 'yfsm.s4'
            Info: Total cell delay = 2.741 ns ( 36.95 % )
            Info: Total interconnect delay = 4.677 ns ( 63.05 % )
        Info: - Shortest clock path from clock "osc" to source register is 6.978 ns
            Info: 1: + IC(0.000 ns) + CELL(0.979 ns) = 0.979 ns; Loc. = PIN_D13; Fanout = 5; CLK Node = 'osc'
            Info: 2: + IC(1.868 ns) + CELL(0.787 ns) = 3.634 ns; Loc. = LCFF_X32_Y6_N23; Fanout = 3; REG Node = 'y.s4'
            Info: 3: + IC(0.312 ns) + CELL(0.149 ns) = 4.095 ns; Loc. = LCCOMB_X32_Y6_N20; Fanout = 2; COMB Node = 'WideNor0'
            Info: 4: + IC(1.321 ns) + CELL(0.000 ns) = 5.416 ns; Loc. = CLKCTRL_G12; Fanout = 8; COMB Node = 'WideNor0~clkctrl'
            Info: 5: + IC(1.025 ns) + CELL(0.537 ns) = 6.978 ns; Loc. = LCFF_X31_Y6_N25; Fanout = 4; REG Node = 'yfsm.s4'
            Info: Total cell delay = 2.452 ns ( 35.14 % )
            Info: Total interconnect delay = 4.526 ns ( 64.86 % )
    Info: - Micro clock to output delay of source is 0.250 ns
    Info: - Shortest register to register delay is 0.407 ns
        Info: 1: + IC(0.000 ns) + CELL(0.000 ns) = 0.000 ns; Loc. = LCFF_X31_Y6_N25; Fanout = 4; REG Node = 'yfsm.s4'
        Info: 2: + IC(0.000 ns) + CELL(0.323 ns) = 0.323 ns; Loc. = LCCOMB_X31_Y6_N24; Fanout = 1; COMB Node = 'yfsm.s4~1'
        Info: 3: + IC(0.000 ns) + CELL(0.084 ns) = 0.407 ns; Loc. = LCFF_X31_Y6_N25; Fanout = 4; REG Node = 'yfsm.s4'
        Info: Total cell delay = 0.407 ns ( 100.00 % )
    Info: + Micro hold delay of destination is 0.266 ns
Info: tsu for register "y.s1" (data pin = "w", clock pin = "osc") is 1.029 ns
    Info: + Longest pin to register delay is 3.724 ns
        Info: 1: + IC(0.000 ns) + CELL(0.999 ns) = 0.999 ns; Loc. = PIN_N26; Fanout = 7; PIN Node = 'w'
        Info: 2: + IC(2.491 ns) + CELL(0.150 ns) = 3.640 ns; Loc. = LCCOMB_X32_Y6_N0; Fanout = 1; COMB Node = 'y~45'
        Info: 3: + IC(0.000 ns) + CELL(0.084 ns) = 3.724 ns; Loc. = LCFF_X32_Y6_N1; Fanout = 2; REG Node = 'y.s1'
        Info: Total cell delay = 1.233 ns ( 33.11 % )
        Info: Total interconnect delay = 2.491 ns ( 66.89 % )
    Info: + Micro setup delay of destination is -0.036 ns
    Info: - Shortest clock path from clock "osc" to destination register is 2.659 ns
        Info: 1: + IC(0.000 ns) + CELL(0.979 ns) = 0.979 ns; Loc. = PIN_D13; Fanout = 5; CLK Node = 'osc'
        Info: 2: + IC(0.113 ns) + CELL(0.000 ns) = 1.092 ns; Loc. = CLKCTRL_G11; Fanout = 17; COMB Node = 'osc~clkctrl'
        Info: 3: + IC(1.030 ns) + CELL(0.537 ns) = 2.659 ns; Loc. = LCFF_X32_Y6_N1; Fanout = 2; REG Node = 'y.s1'
        Info: Total cell delay = 1.516 ns ( 57.01 % )
        Info: Total interconnect delay = 1.143 ns ( 42.99 % )
Info: tco from clock "osc" to destination pin "u[5]" through register "yfsm.s3" is 12.929 ns
    Info: + Longest clock path from clock "osc" to source register is 7.418 ns
        Info: 1: + IC(0.000 ns) + CELL(0.979 ns) = 0.979 ns; Loc. = PIN_D13; Fanout = 5; CLK Node = 'osc'
        Info: 2: + IC(1.872 ns) + CELL(0.787 ns) = 3.638 ns; Loc. = LCFF_X31_Y6_N15; Fanout = 1; REG Node = 'y.s7'
        Info: 3: + IC(0.459 ns) + CELL(0.438 ns) = 4.535 ns; Loc. = LCCOMB_X32_Y6_N20; Fanout = 2; COMB Node = 'WideNor0'
        Info: 4: + IC(1.321 ns) + CELL(0.000 ns) = 5.856 ns; Loc. = CLKCTRL_G12; Fanout = 8; COMB Node = 'WideNor0~clkctrl'
        Info: 5: + IC(1.025 ns) + CELL(0.537 ns) = 7.418 ns; Loc. = LCFF_X31_Y6_N5; Fanout = 3; REG Node = 'yfsm.s3'
        Info: Total cell delay = 2.741 ns ( 36.95 % )
        Info: Total interconnect delay = 4.677 ns ( 63.05 % )
    Info: + Micro clock to output delay of source is 0.250 ns
    Info: + Longest register to pin delay is 5.261 ns
        Info: 1: + IC(0.000 ns) + CELL(0.000 ns) = 0.000 ns; Loc. = LCFF_X31_Y6_N5; Fanout = 3; REG Node = 'yfsm.s3'
        Info: 2: + IC(1.182 ns) + CELL(0.149 ns) = 1.331 ns; Loc. = LCCOMB_X31_Y6_N26; Fanout = 1; COMB Node = 'WideOr8~1'
        Info: 3: + IC(1.142 ns) + CELL(2.788 ns) = 5.261 ns; Loc. = PIN_V14; Fanout = 0; PIN Node = 'u[5]'
        Info: Total cell delay = 2.937 ns ( 55.83 % )
        Info: Total interconnect delay = 2.324 ns ( 44.17 % )
Info: th for register "yfsm.s1" (data pin = "x", clock pin = "osc") is 3.810 ns
    Info: + Longest clock path from clock "osc" to destination register is 7.418 ns
        Info: 1: + IC(0.000 ns) + CELL(0.979 ns) = 0.979 ns; Loc. = PIN_D13; Fanout = 5; CLK Node = 'osc'
        Info: 2: + IC(1.872 ns) + CELL(0.787 ns) = 3.638 ns; Loc. = LCFF_X31_Y6_N15; Fanout = 1; REG Node = 'y.s7'
        Info: 3: + IC(0.459 ns) + CELL(0.438 ns) = 4.535 ns; Loc. = LCCOMB_X32_Y6_N20; Fanout = 2; COMB Node = 'WideNor0'
        Info: 4: + IC(1.321 ns) + CELL(0.000 ns) = 5.856 ns; Loc. = CLKCTRL_G12; Fanout = 8; COMB Node = 'WideNor0~clkctrl'
        Info: 5: + IC(1.025 ns) + CELL(0.537 ns) = 7.418 ns; Loc. = LCFF_X31_Y6_N29; Fanout = 6; REG Node = 'yfsm.s1'
        Info: Total cell delay = 2.741 ns ( 36.95 % )
        Info: Total interconnect delay = 4.677 ns ( 63.05 % )
    Info: + Micro hold delay of destination is 0.266 ns
    Info: - Shortest pin to register delay is 3.874 ns
        Info: 1: + IC(0.000 ns) + CELL(0.999 ns) = 0.999 ns; Loc. = PIN_N25; Fanout = 8; PIN Node = 'x'
        Info: 2: + IC(2.420 ns) + CELL(0.371 ns) = 3.790 ns; Loc. = LCCOMB_X31_Y6_N28; Fanout = 1; COMB Node = 'yfsm~23'
        Info: 3: + IC(0.000 ns) + CELL(0.084 ns) = 3.874 ns; Loc. = LCFF_X31_Y6_N29; Fanout = 6; REG Node = 'yfsm.s1'
        Info: Total cell delay = 1.454 ns ( 37.53 % )
        Info: Total interconnect delay = 2.420 ns ( 62.47 % )
Info: Quartus II Classic Timing Analyzer was successful. 0 errors, 3 warnings
    Info: Peak virtual memory: 143 megabytes
    Info: Processing ended: Wed Nov 12 19:38:48 2014
    Info: Elapsed time: 00:00:01
    Info: Total CPU time (on all processors): 00:00:00


